2025-01-15 17:29:22,810 - INFO - Открытие страницы входа.
2025-01-15 17:29:25,136 - INFO - Поиск и ввод логина.
2025-01-15 17:29:25,221 - INFO - Поиск и ввод пароля.
2025-01-15 17:29:25,250 - INFO - Отправка формы входа.
2025-01-15 17:29:30,583 - INFO - Успешный вход на сайт!
2025-01-15 17:29:30,584 - INFO - Закрытие браузера.
2025-01-15 17:29:49,084 - INFO - Открытие страницы входа.
2025-01-15 17:29:51,298 - INFO - Поиск и ввод логина.
2025-01-15 17:29:51,382 - INFO - Поиск и ввод пароля.
2025-01-15 17:29:51,408 - INFO - Отправка формы входа.
2025-01-15 17:29:56,825 - INFO - Успешный вход на сайт!
2025-01-15 17:29:56,825 - INFO - Закрытие браузера.
2025-01-15 17:31:13,401 - INFO - Открытие страницы входа.
2025-01-15 17:31:15,978 - INFO - Поиск и ввод логина.
2025-01-15 17:31:16,070 - INFO - Поиск и ввод пароля.
2025-01-15 17:31:16,095 - INFO - Отправка формы входа.
2025-01-15 17:31:21,458 - INFO - Успешный вход на сайт!
2025-01-15 17:31:21,458 - INFO - Закрытие браузера.
2025-01-15 17:31:51,486 - INFO - Открытие страницы входа.
2025-01-15 17:31:54,030 - INFO - Поиск и ввод логина.
2025-01-15 17:31:54,113 - INFO - Поиск и ввод пароля.
2025-01-15 17:31:54,140 - INFO - Отправка формы входа.
2025-01-15 17:31:59,593 - INFO - Успешный вход на сайт!
2025-01-15 17:31:59,594 - INFO - Закрытие браузера.
2025-01-15 17:32:24,779 - INFO - Открытие страницы входа.
2025-01-15 17:32:27,046 - INFO - Поиск и ввод логина.
2025-01-15 17:32:27,143 - INFO - Поиск и ввод пароля.
2025-01-15 17:32:27,169 - INFO - Отправка формы входа.
2025-01-15 17:32:32,621 - INFO - Успешный вход на сайт!
2025-01-15 17:34:22,915 - INFO - Открытие страницы входа.
2025-01-15 17:34:25,243 - INFO - Поиск и ввод логина.
2025-01-15 17:34:25,329 - INFO - Поиск и ввод пароля.
2025-01-15 17:34:25,357 - INFO - Отправка формы входа.
2025-01-15 17:34:30,694 - INFO - Успешный вход на сайт!
2025-01-15 17:37:45,010 - INFO - Открытие страницы входа.
2025-01-15 17:37:47,293 - INFO - Поиск и ввод логина.
2025-01-15 17:37:47,376 - INFO - Поиск и ввод пароля.
2025-01-15 17:37:47,406 - INFO - Отправка формы входа.
2025-01-15 17:37:52,739 - INFO - Успешный вход на сайт!
2025-01-15 17:39:05,805 - INFO - Открытие страницы входа.
2025-01-15 17:39:08,059 - INFO - Поиск и ввод логина.
2025-01-15 17:39:08,151 - INFO - Поиск и ввод пароля.
2025-01-15 17:39:08,176 - INFO - Отправка формы входа.
2025-01-15 17:39:13,579 - INFO - Успешный вход на сайт!
2025-01-15 17:43:14,280 - INFO - Открытие страницы входа.
2025-01-15 17:43:16,559 - INFO - Поиск и ввод логина.
2025-01-15 17:43:16,643 - INFO - Поиск и ввод пароля.
2025-01-15 17:43:16,670 - INFO - Отправка формы входа.
2025-01-15 17:43:22,049 - INFO - Система авторизации отключена
